[debug] > Exec({file:/C:/MLOpsFromScratch/}root/ testOnly HelloFunSuite, None, None)
[debug] Evaluating tasks: Test / testOnly
[debug] Running task... Cancel: Signal, check cycles: false, forcegc: true
[info] compiling 3 Scala sources to C:\MLOpsFromScratch\target\scala-3.1.3\classes ...
[warn] -- [E029] Pattern Match Exhaustivity Warning: C:\MLOpsFromScratch\src\main\scala\dataGenerator\dataGeneratorUtilities.scala:17:4 
[warn] 17 |    dataGenerationValues match
[warn]    |    ^^^^^^^^^^^^^^^^^^^^
[warn]    |match may not be exhaustive.
[warn]    |
[warn]    |It would fail on pattern case: dataGeneratorCaseClasses.errorTermParms(_, _)
[warn]    |
[warn]    | longer explanation available when compiling with `-explain`
[warn] one warning found
[info] done compiling
[info] compiling 2 Scala sources to C:\MLOpsFromScratch\target\scala-3.1.3\test-classes ...
[info] done compiling
[info] HelloFunSuite:
[info] - this does something
[info] Run completed in 478 milliseconds.
[info] Total number of tests run: 1
[info] Suites: completed 1, aborted 0
[info] Tests: succeeded 1, failed 0, canceled 0, ignored 0, pending 0
[info] All tests passed.
[success] Total time: 12 s, completed Oct 8, 2022 8:57:03 PM
[debug] > Exec(idea-shell, None, None)
[debug] > Exec(, None, None)
[debug] > Exec(idea-shell, None, None)
